2020.11.06 15:57:11 INFO  started: Metals version 0.9.4 in workspace '/Users/hidenobumochigase/play-electricity' for client vscode.
2020.11.06 15:57:13 INFO  time: initialize in 1.38s
2020.11.06 15:57:28 INFO  no build target: using presentation compiler with only scala-library
2020.11.06 15:57:28 WARN  no build target for: /Users/hidenobumochigase/play-electricity/app/models/calculator.scala
2020.11.06 15:59:30 WARN  no build target for: /Users/hidenobumochigase/play-electricity/app/controllers/HomeController.scala
2020.11.06 15:59:31 WARN  no build target for: /Users/hidenobumochigase/play-electricity/app/models/plan.scala
2020.11.06 15:59:31 WARN  no build target for: /Users/hidenobumochigase/play-electricity/app/models/history.scala
2020.11.06 15:59:33 WARN  no build target for: /Users/hidenobumochigase/play-electricity/app/models/plan.scala
2020.11.06 16:00:39 WARN  no build target for: /Users/hidenobumochigase/play-electricity/test/controllers/HomeControllerSpec.scala
2020.11.06 16:00:45 WARN  no build target for: /Users/hidenobumochigase/play-electricity/test/models/calculator.scala
2020.11.06 16:00:49 WARN  no build target for: /Users/hidenobumochigase/play-electricity/test/models/calculator.scala
2020.11.06 16:01:25 WARN  no build target for: /Users/hidenobumochigase/play-electricity/test/models/calculator.scala
2020.11.06 16:11:05 WARN  no build target for: /Users/hidenobumochigase/play-electricity/app/models/plan.scala
2020.11.06 16:13:07 WARN  no build target for: /Users/hidenobumochigase/play-electricity/app/models/history.scala
2020.11.06 16:22:41 WARN  no build target for: /Users/hidenobumochigase/play-electricity/app/controllers/HomeController.scala
2020.11.06 16:23:04 WARN  no build target for: /Users/hidenobumochigase/play-electricity/app/models/history.scala
2020.11.06 16:23:08 WARN  no build target for: /Users/hidenobumochigase/play-electricity/app/models/plan.scala
2020.11.06 16:23:34 WARN  no build target for: /Users/hidenobumochigase/play-electricity/test/controllers/HomeControllerSpec.scala
2020.11.06 16:25:02 WARN  no build target for: /Users/hidenobumochigase/play-electricity/app/models/plan.scala
2020.11.06 16:25:04 WARN  no build target for: /Users/hidenobumochigase/play-electricity/app/models/history.scala
2020.11.06 16:25:08 WARN  no build target for: /Users/hidenobumochigase/play-electricity/app/models/plan.scala
2020.11.06 16:25:11 WARN  no build target for: /Users/hidenobumochigase/play-electricity/app/controllers/HomeController.scala
2020.11.06 16:25:24 WARN  no build target for: /Users/hidenobumochigase/play-electricity/app/models/history.scala
2020.11.06 16:25:26 WARN  no build target for: /Users/hidenobumochigase/play-electricity/app/models/plan.scala
2020.11.06 16:25:37 WARN  no build target for: /Users/hidenobumochigase/play-electricity/test/controllers/HomeControllerSpec.scala
2020.11.06 16:26:15 WARN  no build target for: /Users/hidenobumochigase/play-electricity/app/models/history.scala
2020.11.06 16:26:34 WARN  no build target for: /Users/hidenobumochigase/play-electricity/app/models/plan.scala
2020.11.08 19:54:55 WARN  no build target for: /Users/hidenobumochigase/play-electricity/app/controllers/HomeController.scala
2020.11.08 20:20:44 INFO  shutting down Metals
2020.11.17 16:44:33 INFO  Started: Metals version 0.9.5 in workspace '/Users/hidenobumochigase/play-electricity' for client vscode.
2020.11.17 16:44:35 INFO  time: initialize in 1.67s
2020.11.17 16:44:35 WARN  Build server is not auto-connectable.
2020.11.17 16:44:35 WARN  no build target for: /Users/hidenobumochigase/play-electricity/app/models/calculator.scala
2020.11.17 16:44:35 WARN  no build target for: /Users/hidenobumochigase/play-electricity/app/models/history.scala
2020.11.17 16:44:36 INFO  skipping build import with status 'Requested'
2020.11.17 16:44:38 INFO  no build target: using presentation compiler with only scala-library
11月 17, 2020 4:44:38 午後 org.eclipse.lsp4j.jsonrpc.RemoteEndpoint handleCancellation
警告: Unmatched cancel notification for request id 2
11月 17, 2020 4:44:40 午後 scala.meta.internal.pc.CompilerAccess retryWithCleanCompiler
情報: compiler crashed due to an error in the Scala compiler, retrying with new compiler instance.
11月 17, 2020 4:44:40 午後 scala.meta.internal.pc.CompilerAccess handleError
重大: null
java.lang.NullPointerException
	at scala.reflect.internal.Definitions$DefinitionsClass.isByNameParamType(Definitions.scala:417)
	at scala.reflect.internal.TreeInfo.isStableIdent(TreeInfo.scala:138)
	at scala.reflect.internal.TreeInfo.isStableIdentifier(TreeInfo.scala:113)
	at scala.reflect.internal.TreeInfo.isPath(TreeInfo.scala:102)
	at scala.reflect.internal.TreeInfo.admitsTypeSelection(TreeInfo.scala:156)
	at scala.tools.nsc.interactive.Global.stabilizedType(Global.scala:959)
	at scala.tools.nsc.interactive.Global.typedTreeAt(Global.scala:807)
	at scala.meta.internal.pc.HoverProvider.typedHoverTreeAt(HoverProvider.scala:239)
	at scala.meta.internal.pc.HoverProvider.hover(HoverProvider.scala:26)

11月 17, 2020 4:44:44 午後 scala.meta.internal.pc.CompilerAccess retryWithCleanCompiler
情報: compiler crashed due to an error in the Scala compiler, retrying with new compiler instance.
11月 17, 2020 4:44:44 午後 scala.meta.internal.pc.CompilerAccess handleError
重大: null
java.lang.NullPointerException
	at scala.reflect.internal.Definitions$DefinitionsClass.isByNameParamType(Definitions.scala:417)
	at scala.reflect.internal.TreeInfo.isStableIdent(TreeInfo.scala:138)
	at scala.reflect.internal.TreeInfo.isStableIdentifier(TreeInfo.scala:113)
	at scala.reflect.internal.TreeInfo.isPath(TreeInfo.scala:102)
	at scala.reflect.internal.TreeInfo.admitsTypeSelection(TreeInfo.scala:156)
	at scala.tools.nsc.interactive.Global.stabilizedType(Global.scala:959)
	at scala.tools.nsc.interactive.Global.typedTreeAt(Global.scala:807)
	at scala.meta.internal.pc.HoverProvider.typedHoverTreeAt(HoverProvider.scala:239)
	at scala.meta.internal.pc.HoverProvider.hover(HoverProvider.scala:26)

2020.11.17 16:44:46 WARN  code navigation does not work for the file '/Users/hidenobumochigase/play-electricity/app/models/calculator.scala' because it doesn't belong to a build target.
2020.11.17 16:44:46 WARN  code navigation does not work for the file '/Users/hidenobumochigase/play-electricity/app/models/calculator.scala' because it doesn't belong to a build target.
11月 17, 2020 4:44:46 午後 scala.meta.internal.pc.CompilerAccess retryWithCleanCompiler
情報: compiler crashed due to an error in the Scala compiler, retrying with new compiler instance.
11月 17, 2020 4:44:46 午後 scala.meta.internal.pc.CompilerAccess handleError
重大: null
java.lang.NullPointerException
	at scala.reflect.internal.Definitions$DefinitionsClass.isByNameParamType(Definitions.scala:417)
	at scala.reflect.internal.TreeInfo.isStableIdent(TreeInfo.scala:138)
	at scala.reflect.internal.TreeInfo.isStableIdentifier(TreeInfo.scala:113)
	at scala.reflect.internal.TreeInfo.isPath(TreeInfo.scala:102)
	at scala.reflect.internal.TreeInfo.admitsTypeSelection(TreeInfo.scala:156)
	at scala.tools.nsc.interactive.Global.stabilizedType(Global.scala:959)
	at scala.tools.nsc.interactive.Global.typedTreeAt(Global.scala:807)
	at scala.meta.internal.pc.HoverProvider.typedHoverTreeAt(HoverProvider.scala:239)
	at scala.meta.internal.pc.HoverProvider.hover(HoverProvider.scala:26)

11月 17, 2020 4:44:47 午後 scala.meta.internal.pc.CompilerAccess retryWithCleanCompiler
情報: compiler crashed due to an error in the Scala compiler, retrying with new compiler instance.
11月 17, 2020 4:44:47 午後 scala.meta.internal.pc.CompilerAccess handleError
重大: null
java.lang.NullPointerException
	at scala.reflect.internal.Definitions$DefinitionsClass.isByNameParamType(Definitions.scala:417)
	at scala.reflect.internal.TreeInfo.isStableIdent(TreeInfo.scala:138)
	at scala.reflect.internal.TreeInfo.isStableIdentifier(TreeInfo.scala:113)
	at scala.reflect.internal.TreeInfo.isPath(TreeInfo.scala:102)
	at scala.reflect.internal.TreeInfo.admitsTypeSelection(TreeInfo.scala:156)
	at scala.tools.nsc.interactive.Global.stabilizedType(Global.scala:959)
	at scala.tools.nsc.interactive.Global.typedTreeAt(Global.scala:807)
	at scala.meta.internal.pc.HoverProvider.typedHoverTreeAt(HoverProvider.scala:239)
	at scala.meta.internal.pc.HoverProvider.hover(HoverProvider.scala:26)

11月 17, 2020 4:44:47 午後 scala.meta.internal.pc.CompilerAccess retryWithCleanCompiler
情報: compiler crashed due to an error in the Scala compiler, retrying with new compiler instance.
11月 17, 2020 4:44:47 午後 scala.meta.internal.pc.CompilerAccess handleError
重大: null
java.lang.NullPointerException
	at scala.reflect.internal.Definitions$DefinitionsClass.isByNameParamType(Definitions.scala:417)
	at scala.reflect.internal.TreeInfo.isStableIdent(TreeInfo.scala:138)
	at scala.reflect.internal.TreeInfo.isStableIdentifier(TreeInfo.scala:113)
	at scala.reflect.internal.TreeInfo.isPath(TreeInfo.scala:102)
	at scala.reflect.internal.TreeInfo.admitsTypeSelection(TreeInfo.scala:156)
	at scala.tools.nsc.interactive.Global.stabilizedType(Global.scala:959)
	at scala.tools.nsc.interactive.Global.typedTreeAt(Global.scala:807)
	at scala.meta.internal.pc.HoverProvider.typedHoverTreeAt(HoverProvider.scala:239)
	at scala.meta.internal.pc.HoverProvider.hover(HoverProvider.scala:26)

11月 17, 2020 4:44:47 午後 scala.meta.internal.pc.CompilerAccess retryWithCleanCompiler
情報: compiler crashed due to an error in the Scala compiler, retrying with new compiler instance.
11月 17, 2020 4:44:47 午後 scala.meta.internal.pc.CompilerAccess handleError
重大: null
java.lang.NullPointerException
	at scala.reflect.internal.Definitions$DefinitionsClass.isByNameParamType(Definitions.scala:417)
	at scala.reflect.internal.TreeInfo.isStableIdent(TreeInfo.scala:138)
	at scala.reflect.internal.TreeInfo.isStableIdentifier(TreeInfo.scala:113)
	at scala.reflect.internal.TreeInfo.isPath(TreeInfo.scala:102)
	at scala.reflect.internal.TreeInfo.admitsTypeSelection(TreeInfo.scala:156)
	at scala.tools.nsc.interactive.Global.stabilizedType(Global.scala:959)
	at scala.tools.nsc.interactive.Global.typedTreeAt(Global.scala:807)
	at scala.meta.internal.pc.HoverProvider.typedHoverTreeAt(HoverProvider.scala:239)
	at scala.meta.internal.pc.HoverProvider.hover(HoverProvider.scala:26)

11月 17, 2020 4:44:48 午後 scala.meta.internal.pc.CompilerAccess retryWithCleanCompiler
情報: compiler crashed due to an error in the Scala compiler, retrying with new compiler instance.
11月 17, 2020 4:44:48 午後 scala.meta.internal.pc.CompilerAccess handleError
重大: null
java.lang.NullPointerException
	at scala.reflect.internal.Definitions$DefinitionsClass.isByNameParamType(Definitions.scala:417)
	at scala.reflect.internal.TreeInfo.isStableIdent(TreeInfo.scala:138)
	at scala.reflect.internal.TreeInfo.isStableIdentifier(TreeInfo.scala:113)
	at scala.reflect.internal.TreeInfo.isPath(TreeInfo.scala:102)
	at scala.reflect.internal.TreeInfo.admitsTypeSelection(TreeInfo.scala:156)
	at scala.tools.nsc.interactive.Global.stabilizedType(Global.scala:959)
	at scala.tools.nsc.interactive.Global.typedTreeAt(Global.scala:807)
	at scala.meta.internal.pc.HoverProvider.typedHoverTreeAt(HoverProvider.scala:239)
	at scala.meta.internal.pc.HoverProvider.hover(HoverProvider.scala:26)

11月 17, 2020 4:44:49 午後 scala.meta.internal.pc.CompilerAccess retryWithCleanCompiler
情報: compiler crashed due to an error in the Scala compiler, retrying with new compiler instance.
11月 17, 2020 4:44:49 午後 scala.meta.internal.pc.CompilerAccess handleError
重大: null
java.lang.NullPointerException
	at scala.reflect.internal.Definitions$DefinitionsClass.isByNameParamType(Definitions.scala:417)
	at scala.reflect.internal.TreeInfo.isStableIdent(TreeInfo.scala:138)
	at scala.reflect.internal.TreeInfo.isStableIdentifier(TreeInfo.scala:113)
	at scala.reflect.internal.TreeInfo.isPath(TreeInfo.scala:102)
	at scala.reflect.internal.TreeInfo.admitsTypeSelection(TreeInfo.scala:156)
	at scala.tools.nsc.interactive.Global.stabilizedType(Global.scala:959)
	at scala.tools.nsc.interactive.Global.typedTreeAt(Global.scala:807)
	at scala.meta.internal.pc.HoverProvider.typedHoverTreeAt(HoverProvider.scala:239)
	at scala.meta.internal.pc.HoverProvider.hover(HoverProvider.scala:26)

11月 17, 2020 4:44:49 午後 scala.meta.internal.pc.CompilerAccess retryWithCleanCompiler
情報: compiler crashed due to an error in the Scala compiler, retrying with new compiler instance.
11月 17, 2020 4:44:49 午後 scala.meta.internal.pc.CompilerAccess handleError
重大: null
java.lang.NullPointerException
	at scala.reflect.internal.Definitions$DefinitionsClass.isByNameParamType(Definitions.scala:417)
	at scala.reflect.internal.TreeInfo.isStableIdent(TreeInfo.scala:138)
	at scala.reflect.internal.TreeInfo.isStableIdentifier(TreeInfo.scala:113)
	at scala.reflect.internal.TreeInfo.isPath(TreeInfo.scala:102)
	at scala.reflect.internal.TreeInfo.admitsTypeSelection(TreeInfo.scala:156)
	at scala.tools.nsc.interactive.Global.stabilizedType(Global.scala:959)
	at scala.tools.nsc.interactive.Global.typedTreeAt(Global.scala:807)
	at scala.meta.internal.pc.HoverProvider.typedHoverTreeAt(HoverProvider.scala:239)
	at scala.meta.internal.pc.HoverProvider.hover(HoverProvider.scala:26)

11月 17, 2020 4:44:49 午後 scala.meta.internal.pc.CompilerAccess retryWithCleanCompiler
情報: compiler crashed due to an error in the Scala compiler, retrying with new compiler instance.
11月 17, 2020 4:44:49 午後 scala.meta.internal.pc.CompilerAccess handleError
重大: null
java.lang.NullPointerException
	at scala.reflect.internal.Definitions$DefinitionsClass.isByNameParamType(Definitions.scala:417)
	at scala.reflect.internal.TreeInfo.isStableIdent(TreeInfo.scala:138)
	at scala.reflect.internal.TreeInfo.isStableIdentifier(TreeInfo.scala:113)
	at scala.reflect.internal.TreeInfo.isPath(TreeInfo.scala:102)
	at scala.reflect.internal.TreeInfo.admitsTypeSelection(TreeInfo.scala:156)
	at scala.tools.nsc.interactive.Global.stabilizedType(Global.scala:959)
	at scala.tools.nsc.interactive.Global.typedTreeAt(Global.scala:807)
	at scala.meta.internal.pc.HoverProvider.typedHoverTreeAt(HoverProvider.scala:239)
	at scala.meta.internal.pc.HoverProvider.hover(HoverProvider.scala:26)

2020.11.17 16:45:32 WARN  code navigation does not work for the file '/Users/hidenobumochigase/play-electricity/app/models/calculator.scala' because it doesn't belong to a build target.
2020.11.17 16:45:32 WARN  code navigation does not work for the file '/Users/hidenobumochigase/play-electricity/app/models/calculator.scala' because it doesn't belong to a build target.
2020.11.17 16:45:55 WARN  code navigation does not work for the file '/Users/hidenobumochigase/play-electricity/app/models/calculator.scala' because it doesn't belong to a build target.
2020.11.17 16:46:26 WARN  no build target for: /Users/hidenobumochigase/play-electricity/app/models/calculator.scala
2020.11.17 16:47:17 WARN  no build target for: /Users/hidenobumochigase/play-electricity/app/models/plan.scala
2020.11.17 16:47:47 WARN  code navigation does not work for the file '/Users/hidenobumochigase/play-electricity/app/models/plan.scala' because it doesn't belong to a build target.
2020.11.17 16:47:53 WARN  code navigation does not work for the file '/Users/hidenobumochigase/play-electricity/app/models/plan.scala' because it doesn't belong to a build target.
2020.11.17 16:47:53 WARN  no build target for: /Users/hidenobumochigase/play-electricity/app/models/plan.scala
2020.11.17 16:48:44 WARN  no build target for: /Users/hidenobumochigase/play-electricity/app/models/history.scala
2020.11.17 16:49:28 WARN  no build target for: /Users/hidenobumochigase/play-electricity/test/models/calculator.scala
2020.11.17 16:49:51 WARN  code navigation does not work for the file '/Users/hidenobumochigase/play-electricity/test/models/calculator.scala' because it doesn't belong to a build target.
2020.11.17 16:50:17 WARN  code navigation does not work for the file '/Users/hidenobumochigase/play-electricity/test/models/calculator.scala' because it doesn't belong to a build target.
2020.11.17 16:50:24 WARN  no build target for: /Users/hidenobumochigase/play-electricity/test/models/calculator.scala
2020.11.17 16:51:44 WARN  no build target for: /Users/hidenobumochigase/play-electricity/test/models/calculator.scala
2020.11.18 07:38:53 INFO  Started: Metals version 0.9.5 in workspace '/Users/hidenobumochigase/play-electricity' for client vscode.
2020.11.18 07:38:58 INFO  time: initialize in 4.82s
2020.11.18 07:39:03 WARN  Build server is not auto-connectable.
2020.11.18 07:39:03 WARN  no build target for: /Users/hidenobumochigase/play-electricity/app/models/calculator.scala
2020.11.18 07:39:03 INFO  skipping build import with status 'Requested'
2020.11.18 07:39:09 INFO  no build target: using presentation compiler with only scala-library
2020.11.19 21:33:56 WARN  no build target for: /Users/hidenobumochigase/play-electricity/app/models/plan.scala
11月 19, 2020 9:33:56 午後 org.eclipse.lsp4j.jsonrpc.RemoteEndpoint handleCancellation
警告: Unmatched cancel notification for request id 4
2020.11.19 21:38:43 WARN  no build target for: /Users/hidenobumochigase/play-electricity/app/models/history.scala
2020.11.19 21:57:35 WARN  code navigation does not work for the file '/Users/hidenobumochigase/play-electricity/app/models/plan.scala' because it doesn't belong to a build target.
2020.11.19 21:57:37 WARN  code navigation does not work for the file '/Users/hidenobumochigase/play-electricity/app/models/plan.scala' because it doesn't belong to a build target.
2020.11.19 21:58:14 WARN  code navigation does not work for the file '/Users/hidenobumochigase/play-electricity/app/models/calculator.scala' because it doesn't belong to a build target.
2020.11.19 22:10:35 WARN  code navigation does not work for the file '/Users/hidenobumochigase/play-electricity/app/models/calculator.scala' because it doesn't belong to a build target.
2020.11.19 22:11:34 WARN  no build target for: /Users/hidenobumochigase/play-electricity/app/models/calculator.scala
2020.11.20 09:16:22 WARN  no build target for: /Users/hidenobumochigase/play-electricity/app/models/calculator.scala
2020.11.20 09:16:52 WARN  no build target for: /Users/hidenobumochigase/play-electricity/test/controllers/HomeControllerSpec.scala
2020.11.20 09:16:55 WARN  no build target for: /Users/hidenobumochigase/play-electricity/test/models/calculator.scala
2020.11.20 09:20:04 WARN  no build target for: /Users/hidenobumochigase/play-electricity/app/models/history.scala
2020.11.20 09:55:58 WARN  no build target for: /Users/hidenobumochigase/play-electricity/test/controllers/HomeControllerSpec.scala
2020.11.20 09:56:18 WARN  no build target for: /Users/hidenobumochigase/play-electricity/test/models/calculator.scala
2020.11.20 09:56:56 WARN  no build target for: /Users/hidenobumochigase/play-electricity/test/models/calculator.scala
2020.11.20 10:00:11 WARN  no build target for: /Users/hidenobumochigase/play-electricity/app/models/history.scala
2020.11.20 14:34:29 WARN  no build target for: /Users/hidenobumochigase/play-electricity/app/models/plan.scala
2020.11.20 14:35:13 WARN  no build target for: /Users/hidenobumochigase/play-electricity/app/models/plancollection.scala
2020.11.24 10:18:29 INFO  shutting down Metals
2020.11.25 08:51:27 INFO  Started: Metals version 0.9.6 in workspace '/Users/hidenobumochigase/play-electricity' for client vscode.
2020.11.25 08:51:30 INFO  time: initialize in 2.98s
2020.11.25 08:51:31 WARN  Build server is not auto-connectable.
2020.11.25 08:51:31 WARN  no build target for: /Users/hidenobumochigase/play-electricity/app/models/plancollection.scala
2020.11.25 08:51:31 WARN  no build target for: /Users/hidenobumochigase/play-electricity/app/models/calculator.scala
2020.11.25 08:51:31 INFO  skipping build import with status 'Requested'
2020.11.25 08:51:36 INFO  no build target: using presentation compiler with only scala-library
2020.11.25 14:34:52 WARN  no build target for: /Users/hidenobumochigase/play-electricity/app/models/plan.scala
11月 25, 2020 2:34:52 午後 org.eclipse.lsp4j.jsonrpc.RemoteEndpoint handleCancellation
警告: Unmatched cancel notification for request id 4
2020.11.25 14:35:26 WARN  no build target for: /Users/hidenobumochigase/play-electricity/test/models/calculator.scala
2020.11.25 14:35:29 WARN  no build target for: /Users/hidenobumochigase/play-electricity/test/controllers/HomeControllerSpec.scala
2020.11.25 14:38:12 WARN  code navigation does not work for the file '/Users/hidenobumochigase/play-electricity/app/models/plan.scala' because it doesn't belong to a build target.
2020.11.25 14:40:11 WARN  code navigation does not work for the file '/Users/hidenobumochigase/play-electricity/app/models/plancollection.scala' because it doesn't belong to a build target.
2020.11.25 14:40:36 WARN  no build target for: /Users/hidenobumochigase/play-electricity/app/models/history.scala
2020.11.25 14:43:41 WARN  no build target for: /Users/hidenobumochigase/play-electricity/test/controllers/HomeControllerSpec.scala
2020.11.25 15:37:09 WARN  code navigation does not work for the file '/Users/hidenobumochigase/play-electricity/app/models/plancollection.scala' because it doesn't belong to a build target.
2020.11.25 15:37:13 WARN  code navigation does not work for the file '/Users/hidenobumochigase/play-electricity/app/models/plancollection.scala' because it doesn't belong to a build target.
2020.11.25 15:37:25 WARN  code navigation does not work for the file '/Users/hidenobumochigase/play-electricity/app/models/plan.scala' because it doesn't belong to a build target.
2020.11.25 15:37:25 WARN  code navigation does not work for the file '/Users/hidenobumochigase/play-electricity/app/models/plan.scala' because it doesn't belong to a build target.
2020.11.25 15:37:29 WARN  code navigation does not work for the file '/Users/hidenobumochigase/play-electricity/app/models/plancollection.scala' because it doesn't belong to a build target.
2020.11.25 15:37:29 WARN  code navigation does not work for the file '/Users/hidenobumochigase/play-electricity/app/models/plancollection.scala' because it doesn't belong to a build target.
2020.11.25 15:37:42 WARN  code navigation does not work for the file '/Users/hidenobumochigase/play-electricity/app/models/plan.scala' because it doesn't belong to a build target.
2020.11.25 15:37:42 WARN  code navigation does not work for the file '/Users/hidenobumochigase/play-electricity/app/models/plan.scala' because it doesn't belong to a build target.
2020.11.25 15:37:50 WARN  code navigation does not work for the file '/Users/hidenobumochigase/play-electricity/app/models/plancollection.scala' because it doesn't belong to a build target.
2020.11.25 15:38:20 WARN  code navigation does not work for the file '/Users/hidenobumochigase/play-electricity/app/models/plancollection.scala' because it doesn't belong to a build target.
2020.11.25 15:38:20 WARN  code navigation does not work for the file '/Users/hidenobumochigase/play-electricity/app/models/plancollection.scala' because it doesn't belong to a build target.
2020.11.25 15:38:47 WARN  code navigation does not work for the file '/Users/hidenobumochigase/play-electricity/app/models/plancollection.scala' because it doesn't belong to a build target.
2020.11.25 15:40:07 WARN  no build target for: /Users/hidenobumochigase/play-electricity/app/models/plancollection.scala
11月 25, 2020 3:52:34 午後 org.eclipse.lsp4j.jsonrpc.RemoteEndpoint handleCancellation
警告: Unmatched cancel notification for request id 1029
2020.11.25 15:57:22 WARN  code navigation does not work for the file '/Users/hidenobumochigase/play-electricity/app/models/plan.scala' because it doesn't belong to a build target.
2020.11.25 15:57:22 WARN  code navigation does not work for the file '/Users/hidenobumochigase/play-electricity/app/models/plan.scala' because it doesn't belong to a build target.
2020.11.25 15:59:30 WARN  code navigation does not work for the file '/Users/hidenobumochigase/play-electricity/app/models/plan.scala' because it doesn't belong to a build target.
2020.11.25 15:59:30 WARN  code navigation does not work for the file '/Users/hidenobumochigase/play-electricity/app/models/plan.scala' because it doesn't belong to a build target.
2020.11.25 15:59:37 WARN  code navigation does not work for the file '/Users/hidenobumochigase/play-electricity/app/models/plan.scala' because it doesn't belong to a build target.
2020.11.25 15:59:40 WARN  code navigation does not work for the file '/Users/hidenobumochigase/play-electricity/app/models/plan.scala' because it doesn't belong to a build target.
2020.11.25 15:59:45 WARN  code navigation does not work for the file '/Users/hidenobumochigase/play-electricity/app/models/plan.scala' because it doesn't belong to a build target.
2020.11.25 15:59:49 WARN  code navigation does not work for the file '/Users/hidenobumochigase/play-electricity/app/models/plan.scala' because it doesn't belong to a build target.
2020.11.25 15:59:49 WARN  code navigation does not work for the file '/Users/hidenobumochigase/play-electricity/app/models/plan.scala' because it doesn't belong to a build target.
2020.11.25 15:59:54 WARN  code navigation does not work for the file '/Users/hidenobumochigase/play-electricity/app/models/plan.scala' because it doesn't belong to a build target.
2020.11.25 15:59:54 WARN  code navigation does not work for the file '/Users/hidenobumochigase/play-electricity/app/models/plan.scala' because it doesn't belong to a build target.
2020.11.25 15:59:56 WARN  code navigation does not work for the file '/Users/hidenobumochigase/play-electricity/app/models/plan.scala' because it doesn't belong to a build target.
2020.11.25 16:01:24 WARN  no build target for: /Users/hidenobumochigase/play-electricity/app/models/history.scala
11月 30, 2020 9:39:45 午後 org.eclipse.lsp4j.jsonrpc.RemoteEndpoint handleCancellation
警告: Unmatched cancel notification for request id 1430
2020.11.30 21:49:23 WARN  code navigation does not work for the file '/Users/hidenobumochigase/play-electricity/app/models/calculator.scala' because it doesn't belong to a build target.
2020.11.30 21:56:08 WARN  code navigation does not work for the file '/Users/hidenobumochigase/play-electricity/app/models/calculator.scala' because it doesn't belong to a build target.
2020.12.01 15:55:10 WARN  no build target for: /Users/hidenobumochigase/play-electricity/test/controllers/HomeControllerSpec.scala
2020.12.01 15:58:44 WARN  code navigation does not work for the file '/Users/hidenobumochigase/play-electricity/app/models/plan.scala' because it doesn't belong to a build target.
2020.12.01 16:04:53 WARN  code navigation does not work for the file '/Users/hidenobumochigase/play-electricity/app/models/plan.scala' because it doesn't belong to a build target.
2020.12.01 16:05:11 WARN  code navigation does not work for the file '/Users/hidenobumochigase/play-electricity/app/models/plan.scala' because it doesn't belong to a build target.
2020.12.01 16:05:53 WARN  code navigation does not work for the file '/Users/hidenobumochigase/play-electricity/app/models/plan.scala' because it doesn't belong to a build target.
2020.12.01 16:09:28 WARN  code navigation does not work for the file '/Users/hidenobumochigase/play-electricity/app/models/plan.scala' because it doesn't belong to a build target.
2020.12.01 16:09:38 WARN  code navigation does not work for the file '/Users/hidenobumochigase/play-electricity/app/models/plan.scala' because it doesn't belong to a build target.
2020.12.01 16:09:47 WARN  code navigation does not work for the file '/Users/hidenobumochigase/play-electricity/app/models/plan.scala' because it doesn't belong to a build target.
2020.12.01 16:09:49 WARN  no build target for: /Users/hidenobumochigase/play-electricity/app/models/plan.scala
2020.12.01 17:18:02 WARN  code navigation does not work for the file '/Users/hidenobumochigase/play-electricity/app/models/plan.scala' because it doesn't belong to a build target.
2020.12.01 17:30:18 WARN  no build target for: /Users/hidenobumochigase/play-electricity/app/models/history.scala
2020.12.01 17:32:00 WARN  no build target for: /Users/hidenobumochigase/play-electricity/app/models/plan.scala
2020.12.01 17:41:41 WARN  code navigation does not work for the file '/Users/hidenobumochigase/play-electricity/app/models/plan.scala' because it doesn't belong to a build target.
2020.12.01 17:41:41 WARN  code navigation does not work for the file '/Users/hidenobumochigase/play-electricity/app/models/plan.scala' because it doesn't belong to a build target.
2020.12.01 17:41:49 WARN  code navigation does not work for the file '/Users/hidenobumochigase/play-electricity/app/models/plan.scala' because it doesn't belong to a build target.
2020.12.01 17:42:00 WARN  code navigation does not work for the file '/Users/hidenobumochigase/play-electricity/app/models/plan.scala' because it doesn't belong to a build target.
2020.12.01 17:42:00 WARN  code navigation does not work for the file '/Users/hidenobumochigase/play-electricity/app/models/plan.scala' because it doesn't belong to a build target.
2020.12.01 17:42:00 WARN  code navigation does not work for the file '/Users/hidenobumochigase/play-electricity/app/models/plan.scala' because it doesn't belong to a build target.
2020.12.01 17:42:10 WARN  code navigation does not work for the file '/Users/hidenobumochigase/play-electricity/app/models/plan.scala' because it doesn't belong to a build target.
2020.12.01 17:42:10 WARN  code navigation does not work for the file '/Users/hidenobumochigase/play-electricity/app/models/plan.scala' because it doesn't belong to a build target.
2020.12.01 17:44:54 WARN  code navigation does not work for the file '/Users/hidenobumochigase/play-electricity/app/models/plan.scala' because it doesn't belong to a build target.
2020.12.01 17:44:54 WARN  code navigation does not work for the file '/Users/hidenobumochigase/play-electricity/app/models/plan.scala' because it doesn't belong to a build target.
2020.12.01 17:50:13 WARN  code navigation does not work for the file '/Users/hidenobumochigase/play-electricity/app/models/plan.scala' because it doesn't belong to a build target.
2020.12.01 17:50:16 WARN  code navigation does not work for the file '/Users/hidenobumochigase/play-electricity/app/models/plan.scala' because it doesn't belong to a build target.
2020.12.01 17:50:23 WARN  no build target for: /Users/hidenobumochigase/play-electricity/app/models/plan.scala
2020.12.01 17:52:10 WARN  no build target for: /Users/hidenobumochigase/play-electricity/app/models/plan.scala
2020.12.03 16:57:32 WARN  no build target for: /Users/hidenobumochigase/play-electricity/app/controllers/HomeController.scala
2020.12.03 16:57:48 WARN  no build target for: /Users/hidenobumochigase/play-electricity/app/models/history.scala
2020.12.03 16:57:59 WARN  code navigation does not work for the file '/Users/hidenobumochigase/play-electricity/app/models/plan.scala' because it doesn't belong to a build target.
2020.12.03 16:58:27 WARN  code navigation does not work for the file '/Users/hidenobumochigase/play-electricity/app/models/plan.scala' because it doesn't belong to a build target.
2020.12.03 16:58:27 WARN  code navigation does not work for the file '/Users/hidenobumochigase/play-electricity/app/models/plan.scala' because it doesn't belong to a build target.
2020.12.03 16:58:29 WARN  code navigation does not work for the file '/Users/hidenobumochigase/play-electricity/app/models/plan.scala' because it doesn't belong to a build target.
2020.12.03 17:00:09 WARN  code navigation does not work for the file '/Users/hidenobumochigase/play-electricity/app/models/plan.scala' because it doesn't belong to a build target.
2020.12.03 17:00:11 WARN  code navigation does not work for the file '/Users/hidenobumochigase/play-electricity/app/models/plan.scala' because it doesn't belong to a build target.
2020.12.03 17:07:00 WARN  code navigation does not work for the file '/Users/hidenobumochigase/play-electricity/app/models/plan.scala' because it doesn't belong to a build target.
2020.12.03 17:07:01 WARN  code navigation does not work for the file '/Users/hidenobumochigase/play-electricity/app/models/plan.scala' because it doesn't belong to a build target.
2020.12.03 17:07:15 WARN  no build target for: /Users/hidenobumochigase/play-electricity/app/models/plan.scala
12月 03, 2020 5:07:27 午後 org.eclipse.lsp4j.jsonrpc.RemoteEndpoint handleCancellation
警告: Unmatched cancel notification for request id 3753
2020.12.03 17:07:30 WARN  no build target for: /Users/hidenobumochigase/play-electricity/app/models/plan.scala
2020.12.03 17:17:23 WARN  code navigation does not work for the file '/Users/hidenobumochigase/play-electricity/app/models/plan.scala' because it doesn't belong to a build target.
2020.12.03 17:17:26 WARN  code navigation does not work for the file '/Users/hidenobumochigase/play-electricity/app/models/plan.scala' because it doesn't belong to a build target.
2020.12.03 17:19:38 WARN  no build target for: /Users/hidenobumochigase/play-electricity/app/models/plan.scala
2020.12.03 17:19:49 WARN  code navigation does not work for the file '/Users/hidenobumochigase/play-electricity/app/models/plan.scala' because it doesn't belong to a build target.
2020.12.03 17:20:03 WARN  code navigation does not work for the file '/Users/hidenobumochigase/play-electricity/app/models/plan.scala' because it doesn't belong to a build target.
2020.12.03 17:20:07 WARN  code navigation does not work for the file '/Users/hidenobumochigase/play-electricity/app/models/plan.scala' because it doesn't belong to a build target.
2020.12.03 17:20:15 WARN  code navigation does not work for the file '/Users/hidenobumochigase/play-electricity/app/models/plan.scala' because it doesn't belong to a build target.
2020.12.03 17:20:15 WARN  code navigation does not work for the file '/Users/hidenobumochigase/play-electricity/app/models/plan.scala' because it doesn't belong to a build target.
2020.12.03 17:20:20 WARN  code navigation does not work for the file '/Users/hidenobumochigase/play-electricity/app/models/plan.scala' because it doesn't belong to a build target.
2020.12.03 17:20:20 WARN  code navigation does not work for the file '/Users/hidenobumochigase/play-electricity/app/models/plan.scala' because it doesn't belong to a build target.
2020.12.03 17:20:22 WARN  no build target for: /Users/hidenobumochigase/play-electricity/app/models/plan.scala
2020.12.03 17:22:24 WARN  code navigation does not work for the file '/Users/hidenobumochigase/play-electricity/app/models/plan.scala' because it doesn't belong to a build target.
2020.12.03 17:22:25 WARN  code navigation does not work for the file '/Users/hidenobumochigase/play-electricity/app/models/plan.scala' because it doesn't belong to a build target.
2020.12.03 17:22:25 WARN  code navigation does not work for the file '/Users/hidenobumochigase/play-electricity/app/models/plan.scala' because it doesn't belong to a build target.
2020.12.03 17:22:46 WARN  no build target for: /Users/hidenobumochigase/play-electricity/app/models/plan.scala
2020.12.03 17:23:02 WARN  no build target for: /Users/hidenobumochigase/play-electricity/app/models/plan.scala
2020.12.03 17:28:23 WARN  code navigation does not work for the file '/Users/hidenobumochigase/play-electricity/app/models/plan.scala' because it doesn't belong to a build target.
2020.12.03 17:28:51 WARN  code navigation does not work for the file '/Users/hidenobumochigase/play-electricity/app/models/plan.scala' because it doesn't belong to a build target.
2020.12.03 17:28:56 WARN  code navigation does not work for the file '/Users/hidenobumochigase/play-electricity/app/models/plan.scala' because it doesn't belong to a build target.
2020.12.03 17:29:24 WARN  code navigation does not work for the file '/Users/hidenobumochigase/play-electricity/app/models/plan.scala' because it doesn't belong to a build target.
2020.12.03 17:29:24 WARN  no build target for: /Users/hidenobumochigase/play-electricity/app/models/plan.scala
2020.12.03 17:29:43 WARN  code navigation does not work for the file '/Users/hidenobumochigase/play-electricity/app/models/plan.scala' because it doesn't belong to a build target.
2020.12.03 17:29:43 WARN  code navigation does not work for the file '/Users/hidenobumochigase/play-electricity/app/models/plan.scala' because it doesn't belong to a build target.
2020.12.03 17:29:45 WARN  no build target for: /Users/hidenobumochigase/play-electricity/app/models/plan.scala
2020.12.03 17:31:45 WARN  no build target for: /Users/hidenobumochigase/play-electricity/app/models/plan.scala
2020.12.03 17:32:53 WARN  code navigation does not work for the file '/Users/hidenobumochigase/play-electricity/app/models/plan.scala' because it doesn't belong to a build target.
2020.12.03 17:33:44 WARN  code navigation does not work for the file '/Users/hidenobumochigase/play-electricity/app/models/plan.scala' because it doesn't belong to a build target.
2020.12.03 17:33:46 WARN  code navigation does not work for the file '/Users/hidenobumochigase/play-electricity/app/models/plan.scala' because it doesn't belong to a build target.
2020.12.03 17:34:12 WARN  code navigation does not work for the file '/Users/hidenobumochigase/play-electricity/app/models/plan.scala' because it doesn't belong to a build target.
2020.12.03 17:34:12 WARN  code navigation does not work for the file '/Users/hidenobumochigase/play-electricity/app/models/plan.scala' because it doesn't belong to a build target.
2020.12.03 17:34:12 WARN  code navigation does not work for the file '/Users/hidenobumochigase/play-electricity/app/models/plan.scala' because it doesn't belong to a build target.
2020.12.03 17:34:13 WARN  code navigation does not work for the file '/Users/hidenobumochigase/play-electricity/app/models/plan.scala' because it doesn't belong to a build target.
2020.12.03 17:34:25 WARN  code navigation does not work for the file '/Users/hidenobumochigase/play-electricity/app/models/plan.scala' because it doesn't belong to a build target.
2020.12.03 17:34:27 WARN  code navigation does not work for the file '/Users/hidenobumochigase/play-electricity/app/models/plan.scala' because it doesn't belong to a build target.
2020.12.03 17:34:27 WARN  code navigation does not work for the file '/Users/hidenobumochigase/play-electricity/app/models/plan.scala' because it doesn't belong to a build target.
2020.12.03 17:34:27 WARN  code navigation does not work for the file '/Users/hidenobumochigase/play-electricity/app/models/plan.scala' because it doesn't belong to a build target.
2020.12.03 17:34:29 WARN  code navigation does not work for the file '/Users/hidenobumochigase/play-electricity/app/models/plan.scala' because it doesn't belong to a build target.
2020.12.03 17:34:29 WARN  code navigation does not work for the file '/Users/hidenobumochigase/play-electricity/app/models/plan.scala' because it doesn't belong to a build target.
2020.12.03 17:34:33 WARN  code navigation does not work for the file '/Users/hidenobumochigase/play-electricity/app/models/plan.scala' because it doesn't belong to a build target.
2020.12.03 17:35:00 WARN  code navigation does not work for the file '/Users/hidenobumochigase/play-electricity/app/models/plan.scala' because it doesn't belong to a build target.
2020.12.03 17:35:00 WARN  code navigation does not work for the file '/Users/hidenobumochigase/play-electricity/app/models/plan.scala' because it doesn't belong to a build target.
2020.12.03 17:35:14 WARN  code navigation does not work for the file '/Users/hidenobumochigase/play-electricity/app/models/plan.scala' because it doesn't belong to a build target.
2020.12.03 17:35:16 WARN  code navigation does not work for the file '/Users/hidenobumochigase/play-electricity/app/models/plan.scala' because it doesn't belong to a build target.
2020.12.03 17:35:26 WARN  code navigation does not work for the file '/Users/hidenobumochigase/play-electricity/app/models/plan.scala' because it doesn't belong to a build target.
2020.12.03 17:35:58 WARN  no build target for: /Users/hidenobumochigase/play-electricity/app/models/plan.scala
2020.12.03 17:36:12 WARN  code navigation does not work for the file '/Users/hidenobumochigase/play-electricity/app/models/plan.scala' because it doesn't belong to a build target.
2020.12.03 17:36:12 WARN  code navigation does not work for the file '/Users/hidenobumochigase/play-electricity/app/models/plan.scala' because it doesn't belong to a build target.
2020.12.03 17:36:19 WARN  code navigation does not work for the file '/Users/hidenobumochigase/play-electricity/app/models/plan.scala' because it doesn't belong to a build target.
2020.12.03 17:36:19 WARN  code navigation does not work for the file '/Users/hidenobumochigase/play-electricity/app/models/plan.scala' because it doesn't belong to a build target.
2020.12.03 17:36:23 WARN  code navigation does not work for the file '/Users/hidenobumochigase/play-electricity/app/models/plan.scala' because it doesn't belong to a build target.
2020.12.03 17:36:28 WARN  code navigation does not work for the file '/Users/hidenobumochigase/play-electricity/app/models/plan.scala' because it doesn't belong to a build target.
2020.12.03 17:36:28 WARN  code navigation does not work for the file '/Users/hidenobumochigase/play-electricity/app/models/plan.scala' because it doesn't belong to a build target.
2020.12.03 17:36:28 WARN  code navigation does not work for the file '/Users/hidenobumochigase/play-electricity/app/models/plan.scala' because it doesn't belong to a build target.
2020.12.03 17:36:31 WARN  code navigation does not work for the file '/Users/hidenobumochigase/play-electricity/app/models/plan.scala' because it doesn't belong to a build target.
2020.12.03 17:36:53 WARN  code navigation does not work for the file '/Users/hidenobumochigase/play-electricity/app/models/plan.scala' because it doesn't belong to a build target.
2020.12.03 17:36:55 WARN  code navigation does not work for the file '/Users/hidenobumochigase/play-electricity/app/models/plan.scala' because it doesn't belong to a build target.
2020.12.03 17:36:59 WARN  no build target for: /Users/hidenobumochigase/play-electricity/app/models/plan.scala
2020.12.03 17:41:04 WARN  code navigation does not work for the file '/Users/hidenobumochigase/play-electricity/app/models/plan.scala' because it doesn't belong to a build target.
2020.12.03 17:41:07 WARN  code navigation does not work for the file '/Users/hidenobumochigase/play-electricity/app/models/plan.scala' because it doesn't belong to a build target.
2020.12.03 17:41:10 WARN  code navigation does not work for the file '/Users/hidenobumochigase/play-electricity/app/models/plan.scala' because it doesn't belong to a build target.
2020.12.03 17:41:15 WARN  code navigation does not work for the file '/Users/hidenobumochigase/play-electricity/app/models/plan.scala' because it doesn't belong to a build target.
2020.12.03 17:41:26 WARN  no build target for: /Users/hidenobumochigase/play-electricity/app/models/plan.scala
2020.12.03 17:41:46 WARN  code navigation does not work for the file '/Users/hidenobumochigase/play-electricity/app/models/plan.scala' because it doesn't belong to a build target.
2020.12.03 17:42:04 WARN  no build target for: /Users/hidenobumochigase/play-electricity/app/models/plan.scala
2020.12.03 17:42:35 WARN  no build target for: /Users/hidenobumochigase/play-electricity/app/models/plan.scala
2020.12.03 17:42:55 WARN  code navigation does not work for the file '/Users/hidenobumochigase/play-electricity/app/models/plan.scala' because it doesn't belong to a build target.
2020.12.03 17:42:55 WARN  code navigation does not work for the file '/Users/hidenobumochigase/play-electricity/app/models/plan.scala' because it doesn't belong to a build target.
2020.12.03 17:43:00 WARN  code navigation does not work for the file '/Users/hidenobumochigase/play-electricity/app/models/plan.scala' because it doesn't belong to a build target.
2020.12.03 17:43:00 WARN  code navigation does not work for the file '/Users/hidenobumochigase/play-electricity/app/models/plan.scala' because it doesn't belong to a build target.
2020.12.03 17:43:02 WARN  code navigation does not work for the file '/Users/hidenobumochigase/play-electricity/app/models/plan.scala' because it doesn't belong to a build target.
2020.12.03 17:43:02 WARN  no build target for: /Users/hidenobumochigase/play-electricity/app/models/plan.scala
2020.12.03 17:43:07 WARN  code navigation does not work for the file '/Users/hidenobumochigase/play-electricity/app/models/plan.scala' because it doesn't belong to a build target.
2020.12.03 17:43:07 WARN  no build target for: /Users/hidenobumochigase/play-electricity/app/models/plan.scala
2020.12.03 17:43:07 WARN  code navigation does not work for the file '/Users/hidenobumochigase/play-electricity/app/models/plan.scala' because it doesn't belong to a build target.
2020.12.03 17:44:04 WARN  no build target for: /Users/hidenobumochigase/play-electricity/app/models/plan.scala
2020.12.03 17:44:15 WARN  no build target for: /Users/hidenobumochigase/play-electricity/app/models/plan.scala
2020.12.03 17:56:22 WARN  code navigation does not work for the file '/Users/hidenobumochigase/play-electricity/app/models/plan.scala' because it doesn't belong to a build target.
2020.12.03 17:57:43 WARN  code navigation does not work for the file '/Users/hidenobumochigase/play-electricity/app/models/plan.scala' because it doesn't belong to a build target.
2020.12.03 17:57:43 WARN  code navigation does not work for the file '/Users/hidenobumochigase/play-electricity/app/models/plan.scala' because it doesn't belong to a build target.
2020.12.03 17:57:46 WARN  code navigation does not work for the file '/Users/hidenobumochigase/play-electricity/app/models/plan.scala' because it doesn't belong to a build target.
2020.12.03 17:57:46 WARN  code navigation does not work for the file '/Users/hidenobumochigase/play-electricity/app/models/plan.scala' because it doesn't belong to a build target.
2020.12.03 17:59:14 WARN  no build target for: /Users/hidenobumochigase/play-electricity/app/models/plan.scala
2020.12.03 17:59:46 WARN  code navigation does not work for the file '/Users/hidenobumochigase/play-electricity/app/models/plan.scala' because it doesn't belong to a build target.
2020.12.03 18:00:47 WARN  no build target for: /Users/hidenobumochigase/play-electricity/app/models/plan.scala
2020.12.03 18:01:13 WARN  code navigation does not work for the file '/Users/hidenobumochigase/play-electricity/app/models/plan.scala' because it doesn't belong to a build target.
2020.12.03 18:01:13 WARN  code navigation does not work for the file '/Users/hidenobumochigase/play-electricity/app/models/plan.scala' because it doesn't belong to a build target.
2020.12.03 18:01:14 WARN  code navigation does not work for the file '/Users/hidenobumochigase/play-electricity/app/models/plan.scala' because it doesn't belong to a build target.
2020.12.03 18:01:16 WARN  code navigation does not work for the file '/Users/hidenobumochigase/play-electricity/app/models/plan.scala' because it doesn't belong to a build target.
2020.12.03 18:01:16 WARN  no build target for: /Users/hidenobumochigase/play-electricity/app/models/plan.scala
2020.12.03 18:01:43 WARN  code navigation does not work for the file '/Users/hidenobumochigase/play-electricity/app/models/plan.scala' because it doesn't belong to a build target.
2020.12.03 18:01:44 WARN  code navigation does not work for the file '/Users/hidenobumochigase/play-electricity/app/models/plan.scala' because it doesn't belong to a build target.
2020.12.03 18:01:54 WARN  no build target for: /Users/hidenobumochigase/play-electricity/app/models/plan.scala
2020.12.03 18:06:11 WARN  code navigation does not work for the file '/Users/hidenobumochigase/play-electricity/app/models/plan.scala' because it doesn't belong to a build target.
2020.12.03 18:06:11 WARN  code navigation does not work for the file '/Users/hidenobumochigase/play-electricity/app/models/plan.scala' because it doesn't belong to a build target.
2020.12.03 18:07:01 WARN  code navigation does not work for the file '/Users/hidenobumochigase/play-electricity/app/models/plan.scala' because it doesn't belong to a build target.
2020.12.03 18:08:25 WARN  code navigation does not work for the file '/Users/hidenobumochigase/play-electricity/app/models/plan.scala' because it doesn't belong to a build target.
2020.12.03 18:08:25 WARN  code navigation does not work for the file '/Users/hidenobumochigase/play-electricity/app/models/plan.scala' because it doesn't belong to a build target.
2020.12.03 18:08:50 WARN  code navigation does not work for the file '/Users/hidenobumochigase/play-electricity/app/models/plan.scala' because it doesn't belong to a build target.
2020.12.03 18:08:50 WARN  code navigation does not work for the file '/Users/hidenobumochigase/play-electricity/app/models/plan.scala' because it doesn't belong to a build target.
2020.12.03 18:08:54 WARN  code navigation does not work for the file '/Users/hidenobumochigase/play-electricity/app/models/plan.scala' because it doesn't belong to a build target.
2020.12.03 18:09:00 WARN  code navigation does not work for the file '/Users/hidenobumochigase/play-electricity/app/models/plan.scala' because it doesn't belong to a build target.
2020.12.03 18:09:03 WARN  code navigation does not work for the file '/Users/hidenobumochigase/play-electricity/app/models/plan.scala' because it doesn't belong to a build target.
2020.12.03 18:09:03 WARN  code navigation does not work for the file '/Users/hidenobumochigase/play-electricity/app/models/plan.scala' because it doesn't belong to a build target.
2020.12.03 18:09:20 WARN  code navigation does not work for the file '/Users/hidenobumochigase/play-electricity/app/models/plan.scala' because it doesn't belong to a build target.
2020.12.03 18:09:21 WARN  code navigation does not work for the file '/Users/hidenobumochigase/play-electricity/app/models/plan.scala' because it doesn't belong to a build target.
2020.12.03 18:09:23 WARN  code navigation does not work for the file '/Users/hidenobumochigase/play-electricity/app/models/plan.scala' because it doesn't belong to a build target.
2020.12.03 18:09:23 WARN  code navigation does not work for the file '/Users/hidenobumochigase/play-electricity/app/models/plan.scala' because it doesn't belong to a build target.
2020.12.03 18:09:23 WARN  no build target for: /Users/hidenobumochigase/play-electricity/app/models/plan.scala
2020.12.03 18:14:43 WARN  no build target for: /Users/hidenobumochigase/play-electricity/app/models/plan.scala
2020.12.03 18:14:51 WARN  code navigation does not work for the file '/Users/hidenobumochigase/play-electricity/app/models/plan.scala' because it doesn't belong to a build target.
2020.12.03 18:14:51 WARN  code navigation does not work for the file '/Users/hidenobumochigase/play-electricity/app/models/plan.scala' because it doesn't belong to a build target.
2020.12.03 18:15:39 WARN  code navigation does not work for the file '/Users/hidenobumochigase/play-electricity/app/models/plan.scala' because it doesn't belong to a build target.
2020.12.03 18:15:41 WARN  code navigation does not work for the file '/Users/hidenobumochigase/play-electricity/app/models/plan.scala' because it doesn't belong to a build target.
2020.12.03 18:15:41 WARN  no build target for: /Users/hidenobumochigase/play-electricity/app/models/plan.scala
2020.12.03 18:20:31 WARN  code navigation does not work for the file '/Users/hidenobumochigase/play-electricity/app/models/plan.scala' because it doesn't belong to a build target.
2020.12.03 18:21:37 WARN  code navigation does not work for the file '/Users/hidenobumochigase/play-electricity/app/models/plan.scala' because it doesn't belong to a build target.
2020.12.03 18:21:37 WARN  code navigation does not work for the file '/Users/hidenobumochigase/play-electricity/app/models/plan.scala' because it doesn't belong to a build target.
2020.12.03 18:21:41 WARN  code navigation does not work for the file '/Users/hidenobumochigase/play-electricity/app/models/plan.scala' because it doesn't belong to a build target.
2020.12.03 18:21:55 WARN  code navigation does not work for the file '/Users/hidenobumochigase/play-electricity/app/models/plan.scala' because it doesn't belong to a build target.
2020.12.03 18:21:56 WARN  code navigation does not work for the file '/Users/hidenobumochigase/play-electricity/app/models/plan.scala' because it doesn't belong to a build target.
2020.12.03 18:21:56 WARN  code navigation does not work for the file '/Users/hidenobumochigase/play-electricity/app/models/plan.scala' because it doesn't belong to a build target.
2020.12.03 18:22:03 WARN  code navigation does not work for the file '/Users/hidenobumochigase/play-electricity/app/models/plan.scala' because it doesn't belong to a build target.
2020.12.03 18:22:09 WARN  code navigation does not work for the file '/Users/hidenobumochigase/play-electricity/app/models/plan.scala' because it doesn't belong to a build target.
2020.12.03 18:22:09 WARN  code navigation does not work for the file '/Users/hidenobumochigase/play-electricity/app/models/plan.scala' because it doesn't belong to a build target.
2020.12.03 18:22:10 WARN  code navigation does not work for the file '/Users/hidenobumochigase/play-electricity/app/models/plan.scala' because it doesn't belong to a build target.
2020.12.03 18:22:13 WARN  no build target for: /Users/hidenobumochigase/play-electricity/app/models/plan.scala
2020.12.03 18:27:16 WARN  no build target for: /Users/hidenobumochigase/play-electricity/app/models/plan.scala
2020.12.03 18:29:08 WARN  code navigation does not work for the file '/Users/hidenobumochigase/play-electricity/app/models/plan.scala' because it doesn't belong to a build target.
2020.12.03 18:29:10 WARN  code navigation does not work for the file '/Users/hidenobumochigase/play-electricity/app/models/plan.scala' because it doesn't belong to a build target.
2020.12.03 18:29:39 WARN  code navigation does not work for the file '/Users/hidenobumochigase/play-electricity/app/models/plan.scala' because it doesn't belong to a build target.
2020.12.03 18:29:43 WARN  code navigation does not work for the file '/Users/hidenobumochigase/play-electricity/app/models/plan.scala' because it doesn't belong to a build target.
2020.12.03 18:29:43 WARN  code navigation does not work for the file '/Users/hidenobumochigase/play-electricity/app/models/plan.scala' because it doesn't belong to a build target.
2020.12.03 18:30:36 WARN  code navigation does not work for the file '/Users/hidenobumochigase/play-electricity/app/models/plan.scala' because it doesn't belong to a build target.
2020.12.03 18:30:36 WARN  code navigation does not work for the file '/Users/hidenobumochigase/play-electricity/app/models/plan.scala' because it doesn't belong to a build target.
2020.12.03 18:30:40 WARN  code navigation does not work for the file '/Users/hidenobumochigase/play-electricity/app/models/plan.scala' because it doesn't belong to a build target.
2020.12.03 18:30:46 WARN  code navigation does not work for the file '/Users/hidenobumochigase/play-electricity/app/models/plan.scala' because it doesn't belong to a build target.
2020.12.03 18:30:46 WARN  code navigation does not work for the file '/Users/hidenobumochigase/play-electricity/app/models/plan.scala' because it doesn't belong to a build target.
2020.12.03 18:30:59 WARN  code navigation does not work for the file '/Users/hidenobumochigase/play-electricity/app/models/plan.scala' because it doesn't belong to a build target.
2020.12.03 18:35:05 WARN  code navigation does not work for the file '/Users/hidenobumochigase/play-electricity/app/models/plan.scala' because it doesn't belong to a build target.
2020.12.03 18:35:05 WARN  code navigation does not work for the file '/Users/hidenobumochigase/play-electricity/app/models/plan.scala' because it doesn't belong to a build target.
2020.12.03 18:35:20 WARN  code navigation does not work for the file '/Users/hidenobumochigase/play-electricity/app/models/plan.scala' because it doesn't belong to a build target.
2020.12.03 18:35:20 WARN  no build target for: /Users/hidenobumochigase/play-electricity/app/models/plan.scala
2020.12.03 18:35:20 WARN  code navigation does not work for the file '/Users/hidenobumochigase/play-electricity/app/models/plan.scala' because it doesn't belong to a build target.
2020.12.03 18:35:36 WARN  code navigation does not work for the file '/Users/hidenobumochigase/play-electricity/app/models/plan.scala' because it doesn't belong to a build target.
2020.12.03 18:35:39 WARN  code navigation does not work for the file '/Users/hidenobumochigase/play-electricity/app/models/plan.scala' because it doesn't belong to a build target.
2020.12.03 18:35:41 WARN  code navigation does not work for the file '/Users/hidenobumochigase/play-electricity/app/models/plan.scala' because it doesn't belong to a build target.
2020.12.03 18:35:44 WARN  code navigation does not work for the file '/Users/hidenobumochigase/play-electricity/app/models/plan.scala' because it doesn't belong to a build target.
2020.12.03 18:35:44 WARN  no build target for: /Users/hidenobumochigase/play-electricity/app/models/plan.scala
2020.12.03 18:36:27 WARN  no build target for: /Users/hidenobumochigase/play-electricity/app/models/plan.scala
2020.12.03 18:36:38 WARN  no build target for: /Users/hidenobumochigase/play-electricity/app/models/plan.scala
2020.12.03 18:36:48 WARN  no build target for: /Users/hidenobumochigase/play-electricity/app/models/plan.scala
2020.12.03 18:38:46 WARN  no build target for: /Users/hidenobumochigase/play-electricity/app/controllers/HomeController.scala
12月 03, 2020 9:01:25 午後 org.eclipse.lsp4j.jsonrpc.services.GenericEndpoint notify
情報: Unsupported notification method: $/setTraceNotification
2020.12.03 21:02:31 WARN  no build target for: /Users/hidenobumochigase/play-electricity/app/models/plan.scala
2020.12.03 21:02:31 WARN  no build target for: /Users/hidenobumochigase/play-electricity/app/models/plan.scala
2020.12.03 21:02:37 WARN  no build target for: /Users/hidenobumochigase/play-electricity/app/models/plan.scala
2020.12.03 21:02:50 WARN  no build target for: /Users/hidenobumochigase/play-electricity/app/models/calculator.scala
2020.12.03 21:02:59 WARN  no build target for: /Users/hidenobumochigase/play-electricity/test/models/calculator.scala
12月 03, 2020 9:20:18 午後 org.eclipse.lsp4j.jsonrpc.services.GenericEndpoint notify
情報: Unsupported notification method: $/setTraceNotification
2020.12.03 21:21:04 WARN  no build target for: /Users/hidenobumochigase/play-electricity/app/models/plan.scala
12月 03, 2020 9:22:19 午後 org.eclipse.lsp4j.jsonrpc.services.GenericEndpoint notify
情報: Unsupported notification method: $/setTraceNotification
12月 03, 2020 9:22:19 午後 org.eclipse.lsp4j.jsonrpc.RemoteEndpoint handleNotification
警告: Notification threw an exception: {
  "jsonrpc": "2.0",
  "method": "metals/didFocusTextDocument",
  "params": "git:/Users/hidenobumochigase/play-electricity/app/models/plan.scala?%7B%22path%22%3A%22%2FUsers%2Fhidenobumochigase%2Fplay-electricity%2Fapp%2Fmodels%2Fplan.scala%22%2C%22ref%22%3A%22~%22%7D"
}
java.lang.RuntimeException: java.lang.reflect.InvocationTargetException
	at org.eclipse.lsp4j.jsonrpc.services.GenericEndpoint.lambda$null$0(GenericEndpoint.java:67)
	at org.eclipse.lsp4j.jsonrpc.services.GenericEndpoint.notify(GenericEndpoint.java:152)
	at org.eclipse.lsp4j.jsonrpc.RemoteEndpoint.handleNotification(RemoteEndpoint.java:220)
	at org.eclipse.lsp4j.jsonrpc.RemoteEndpoint.consume(RemoteEndpoint.java:187)
	at org.eclipse.lsp4j.jsonrpc.json.StreamMessageProducer.handleMessage(StreamMessageProducer.java:194)
	at org.eclipse.lsp4j.jsonrpc.json.StreamMessageProducer.listen(StreamMessageProducer.java:94)
	at org.eclipse.lsp4j.jsonrpc.json.ConcurrentMessageProcessor.run(ConcurrentMessageProcessor.java:113)
	at java.base/java.util.concurrent.Executors$RunnableAdapter.call(Executors.java:515)
	at java.base/java.util.concurrent.FutureTask.run(FutureTask.java:264)
	at java.base/java.util.concurrent.ThreadPoolExecutor.runWorker(ThreadPoolExecutor.java:1128)
	at java.base/java.util.concurrent.ThreadPoolExecutor$Worker.run(ThreadPoolExecutor.java:628)
	at java.base/java.lang.Thread.run(Thread.java:834)
Caused by: java.lang.reflect.InvocationTargetException
	at jdk.internal.reflect.GeneratedMethodAccessor6.invoke(Unknown Source)
	at java.base/jdk.internal.reflect.DelegatingMethodAccessorImpl.invoke(DelegatingMethodAccessorImpl.java:43)
	at java.base/java.lang.reflect.Method.invoke(Method.java:566)
	at org.eclipse.lsp4j.jsonrpc.services.GenericEndpoint.lambda$null$0(GenericEndpoint.java:65)
	... 11 more
Caused by: java.nio.file.FileSystemNotFoundException: Provider "git" not installed
	at java.base/java.nio.file.Path.of(Path.java:212)
	at java.base/java.nio.file.Paths.get(Paths.java:97)
	at scala.meta.internal.metals.MetalsEnrichments$XtensionString.toAbsolutePath(MetalsEnrichments.scala:440)
	at scala.meta.internal.metals.MetalsEnrichments$XtensionString.toAbsolutePath(MetalsEnrichments.scala:437)
	at scala.meta.internal.metals.MetalsLanguageServer.didFocus(MetalsLanguageServer.scala:919)
	... 15 more

